Performing C SOURCE FILE Test CMAKE_HAVE_LIBC_PTHREAD failed with the following output:
Change Dir: /home/json/Documentos/Maestria/Visualizacion/TallerEntregado/TallerCerebro/build/CMakeFiles/CMakeTmp

Run Build Command(s):/usr/bin/make cmTC_b3bd6/fast && /usr/bin/make  -f CMakeFiles/cmTC_b3bd6.dir/build.make CMakeFiles/cmTC_b3bd6.dir/build
make[1]: se entra en el directorio '/home/json/Documentos/Maestria/Visualizacion/TallerEntregado/TallerCerebro/build/CMakeFiles/CMakeTmp'
Building C object CMakeFiles/cmTC_b3bd6.dir/src.c.o
/usr/bin/cc   -DCMAKE_HAVE_LIBC_PTHREAD -o CMakeFiles/cmTC_b3bd6.dir/src.c.o -c /home/json/Documentos/Maestria/Visualizacion/TallerEntregado/TallerCerebro/build/CMakeFiles/CMakeTmp/src.c
Linking C executable cmTC_b3bd6
/usr/bin/cmake -E cmake_link_script CMakeFiles/cmTC_b3bd6.dir/link.txt --verbose=1
/usr/bin/cc  -DCMAKE_HAVE_LIBC_PTHREAD CMakeFiles/cmTC_b3bd6.dir/src.c.o -o cmTC_b3bd6 
/usr/bin/ld: CMakeFiles/cmTC_b3bd6.dir/src.c.o: en la función `main':
src.c:(.text+0x3e): referencia a `pthread_create' sin definir
/usr/bin/ld: src.c:(.text+0x4a): referencia a `pthread_detach' sin definir
/usr/bin/ld: src.c:(.text+0x56): referencia a `pthread_cancel' sin definir
/usr/bin/ld: src.c:(.text+0x67): referencia a `pthread_join' sin definir
collect2: error: ld devolvió el estado de salida 1
make[1]: *** [CMakeFiles/cmTC_b3bd6.dir/build.make:106: cmTC_b3bd6] Error 1
make[1]: se sale del directorio '/home/json/Documentos/Maestria/Visualizacion/TallerEntregado/TallerCerebro/build/CMakeFiles/CMakeTmp'
make: *** [Makefile:140: cmTC_b3bd6/fast] Error 2


Source file was:
#include <pthread.h>

void* test_func(void* data)
{
  return data;
}

int main(void)
{
  pthread_t thread;
  pthread_create(&thread, NULL, test_func, NULL);
  pthread_detach(thread);
  pthread_cancel(thread);
  pthread_join(thread, NULL);
  pthread_atfork(NULL, NULL, NULL);
  pthread_exit(NULL);

  return 0;
}

Determining if the function pthread_create exists in the pthreads failed with the following output:
Change Dir: /home/json/Documentos/Maestria/Visualizacion/TallerEntregado/TallerCerebro/build/CMakeFiles/CMakeTmp

Run Build Command(s):/usr/bin/make cmTC_88e98/fast && /usr/bin/make  -f CMakeFiles/cmTC_88e98.dir/build.make CMakeFiles/cmTC_88e98.dir/build
make[1]: se entra en el directorio '/home/json/Documentos/Maestria/Visualizacion/TallerEntregado/TallerCerebro/build/CMakeFiles/CMakeTmp'
Building C object CMakeFiles/cmTC_88e98.dir/CheckFunctionExists.c.o
/usr/bin/cc   -DCHECK_FUNCTION_EXISTS=pthread_create -o CMakeFiles/cmTC_88e98.dir/CheckFunctionExists.c.o -c /usr/share/cmake-3.18/Modules/CheckFunctionExists.c
Linking C executable cmTC_88e98
/usr/bin/cmake -E cmake_link_script CMakeFiles/cmTC_88e98.dir/link.txt --verbose=1
/usr/bin/cc  -DCHECK_FUNCTION_EXISTS=pthread_create CMakeFiles/cmTC_88e98.dir/CheckFunctionExists.c.o -o cmTC_88e98  -lpthreads 
/usr/bin/ld: no se puede encontrar -lpthreads
collect2: error: ld devolvió el estado de salida 1
make[1]: *** [CMakeFiles/cmTC_88e98.dir/build.make:106: cmTC_88e98] Error 1
make[1]: se sale del directorio '/home/json/Documentos/Maestria/Visualizacion/TallerEntregado/TallerCerebro/build/CMakeFiles/CMakeTmp'
make: *** [Makefile:140: cmTC_88e98/fast] Error 2



